2021-12-27 12:14:37.562  INFO 8620 --- [restartedMain] c.b.e.EmployeePayrollApplication         : Starting EmployeePayrollApplication using Java 17.0.1 on DESKTOP-V6Q11GJ with PID 8620 (E:\Spring_Project\EmployeePayrollApplication\target\classes started by lenovo in E:\Spring_Project\EmployeePayrollApplication)
2021-12-27 12:14:37.581 DEBUG 8620 --- [restartedMain] c.b.e.EmployeePayrollApplication         : Running with Spring Boot v2.6.2, Spring v5.3.14
2021-12-27 12:14:37.582  INFO 8620 --- [restartedMain] c.b.e.EmployeePayrollApplication         : No active profile set, falling back to default profiles: default
2021-12-27 12:14:38.522  WARN 8620 --- [restartedMain] JpaBaseConfiguration$JpaWebConfiguration : spring.jpa.open-in-view is enabled by default. Therefore, database queries may be performed during view rendering. Explicitly configure spring.jpa.open-in-view to disable this warning
2021-12-27 12:14:38.769  INFO 8620 --- [restartedMain] c.b.e.EmployeePayrollApplication         : Started EmployeePayrollApplication in 1.341 seconds (JVM running for 2122.781)
2021-12-27 12:48:39.498  INFO 8620 --- [restartedMain] c.b.e.EmployeePayrollApplication         : Starting EmployeePayrollApplication using Java 17.0.1 on DESKTOP-V6Q11GJ with PID 8620 (E:\Spring_Project\EmployeePayrollApplication\target\classes started by lenovo in E:\Spring_Project\EmployeePayrollApplication)
2021-12-27 12:48:39.512 DEBUG 8620 --- [restartedMain] c.b.e.EmployeePayrollApplication         : Running with Spring Boot v2.6.2, Spring v5.3.14
2021-12-27 12:48:39.513  INFO 8620 --- [restartedMain] c.b.e.EmployeePayrollApplication         : No active profile set, falling back to default profiles: default
2021-12-27 12:48:42.517  WARN 8620 --- [restartedMain] JpaBaseConfiguration$JpaWebConfiguration : spring.jpa.open-in-view is enabled by default. Therefore, database queries may be performed during view rendering. Explicitly configure spring.jpa.open-in-view to disable this warning
2021-12-27 12:48:42.793  INFO 8620 --- [restartedMain] c.b.e.EmployeePayrollApplication         : Started EmployeePayrollApplication in 3.722 seconds (JVM running for 4166.804)
2021-12-27 14:46:48.967  INFO 3320 --- [restartedMain] c.b.e.EmployeePayrollApplication         : Starting EmployeePayrollApplication using Java 17.0.1 on DESKTOP-V6Q11GJ with PID 3320 (E:\Spring_Project\EmployeePayrollApplication\target\classes started by lenovo in E:\Spring_Project\EmployeePayrollApplication)
2021-12-27 14:46:49.012 DEBUG 3320 --- [restartedMain] c.b.e.EmployeePayrollApplication         : Running with Spring Boot v2.6.2, Spring v5.3.14
2021-12-27 14:46:49.013  INFO 3320 --- [restartedMain] c.b.e.EmployeePayrollApplication         : No active profile set, falling back to default profiles: default
2021-12-27 14:46:50.486  WARN 3320 --- [restartedMain] JpaBaseConfiguration$JpaWebConfiguration : spring.jpa.open-in-view is enabled by default. Therefore, database queries may be performed during view rendering. Explicitly configure spring.jpa.open-in-view to disable this warning
2021-12-27 14:46:50.882  INFO 3320 --- [restartedMain] c.b.e.EmployeePayrollApplication         : Started EmployeePayrollApplication in 2.072 seconds (JVM running for 805.613)
2021-12-27 14:48:57.067  INFO 3320 --- [restartedMain] c.b.e.EmployeePayrollApplication         : Starting EmployeePayrollApplication using Java 17.0.1 on DESKTOP-V6Q11GJ with PID 3320 (E:\Spring_Project\EmployeePayrollApplication\target\classes started by lenovo in E:\Spring_Project\EmployeePayrollApplication)
2021-12-27 14:48:57.067 DEBUG 3320 --- [restartedMain] c.b.e.EmployeePayrollApplication         : Running with Spring Boot v2.6.2, Spring v5.3.14
2021-12-27 14:48:57.068  INFO 3320 --- [restartedMain] c.b.e.EmployeePayrollApplication         : No active profile set, falling back to default profiles: default
2021-12-27 14:48:58.260  WARN 3320 --- [restartedMain] JpaBaseConfiguration$JpaWebConfiguration : spring.jpa.open-in-view is enabled by default. Therefore, database queries may be performed during view rendering. Explicitly configure spring.jpa.open-in-view to disable this warning
2021-12-27 14:48:58.673  INFO 3320 --- [restartedMain] c.b.e.EmployeePayrollApplication         : Started EmployeePayrollApplication in 1.683 seconds (JVM running for 933.405)
2021-12-27 14:48:58.677  INFO 3320 --- [restartedMain] c.b.e.EmployeePayrollApplication         : Employee Payroll App Started in COMMON Environment
2021-12-27 14:54:35.722  INFO 3320 --- [restartedMain] c.b.e.EmployeePayrollApplication         : Starting EmployeePayrollApplication using Java 17.0.1 on DESKTOP-V6Q11GJ with PID 3320 (E:\Spring_Project\EmployeePayrollApplication\target\classes started by lenovo in E:\Spring_Project\EmployeePayrollApplication)
2021-12-27 14:54:35.723 DEBUG 3320 --- [restartedMain] c.b.e.EmployeePayrollApplication         : Running with Spring Boot v2.6.2, Spring v5.3.14
2021-12-27 14:54:35.724  INFO 3320 --- [restartedMain] c.b.e.EmployeePayrollApplication         : No active profile set, falling back to default profiles: default
2021-12-27 14:54:36.917  WARN 3320 --- [restartedMain] JpaBaseConfiguration$JpaWebConfiguration : spring.jpa.open-in-view is enabled by default. Therefore, database queries may be performed during view rendering. Explicitly configure spring.jpa.open-in-view to disable this warning
2021-12-27 14:54:37.289  INFO 3320 --- [restartedMain] c.b.e.EmployeePayrollApplication         : Started EmployeePayrollApplication in 1.633 seconds (JVM running for 1272.021)
2021-12-27 14:54:37.293  INFO 3320 --- [restartedMain] c.b.e.EmployeePayrollApplication         : Employee Payroll App Started in COMMON Environment
